  imgui.cpp
  imgui_demo.cpp
  imgui_draw.cpp
  imgui_widgets.cpp
  imgui_impl_glfw.cpp
F:\OpenGL\GraphicPro\Lab\imgui_impl_glfw.cpp(40,10): fatal error C1083: 无法打开包括文件: “imgui.h”: No such file or directory
  imgui_impl_opengl3.cpp
F:\OpenGL\GraphicPro\Lab\imgui_impl_opengl3.cpp(74,10): fatal error C1083: 无法打开包括文件: “imgui.h”: No such file or directory
  BMPOps.cpp
F:\OpenGL\GraphicPro\Lab\Lab\BMPOps.cpp(121,37): warning C4244: “=”: 从“double”转换到“int”，可能丢失数据
F:\OpenGL\GraphicPro\Lab\Lab\BMPOps.cpp(122,37): warning C4244: “=”: 从“double”转换到“int”，可能丢失数据
F:\OpenGL\GraphicPro\Lab\Lab\BMPOps.cpp(123,37): warning C4244: “=”: 从“double”转换到“int”，可能丢失数据
F:\OpenGL\GraphicPro\Lab\Lab\BMPOps.cpp(109,6): warning C4101: “layer”: 未引用的局部变量
F:\OpenGL\GraphicPro\Lab\Lab\BMPOps.cpp(149,14): warning C4244: “初始化”: 从“double”转换到“int”，可能丢失数据
F:\OpenGL\GraphicPro\Lab\Lab\BMPOps.cpp(153,14): warning C4244: “初始化”: 从“double”转换到“int”，可能丢失数据
F:\OpenGL\GraphicPro\Lab\Lab\BMPOps.cpp(157,14): warning C4244: “初始化”: 从“double”转换到“int”，可能丢失数据
F:\OpenGL\GraphicPro\Lab\Lab\BMPOps.cpp(132,12): warning C4101: “layer”: 未引用的局部变量
F:\OpenGL\GraphicPro\Lab\Lab\BMPOps.cpp(182,15): warning C4244: “初始化”: 从“double”转换到“int”，可能丢失数据
F:\OpenGL\GraphicPro\Lab\Lab\BMPOps.cpp(220,41): warning C4244: “=”: 从“double”转换到“int”，可能丢失数据
F:\OpenGL\GraphicPro\Lab\Lab\BMPOps.cpp(256,15): warning C4244: “初始化”: 从“double”转换到“int”，可能丢失数据
F:\OpenGL\GraphicPro\Lab\Lab\BMPOps.cpp(283,34): warning C4244: “=”: 从“double”转换到“BYTE”，可能丢失数据
F:\OpenGL\GraphicPro\Lab\Lab\BMPOps.cpp(316,15): warning C4244: “初始化”: 从“double”转换到“int”，可能丢失数据
F:\OpenGL\GraphicPro\Lab\Lab\BMPOps.cpp(349,41): warning C4244: “=”: 从“double”转换到“int”，可能丢失数据
  bullet.cpp
F:\OpenGL\GraphicPro\Lab\Lab\bullet.h(4,10): fatal error C1083: 无法打开包括文件: “glad/glad.h”: No such file or directory
  Camera.cpp
F:\OpenGL\GraphicPro\Lab\Lab\Camera.h(4,10): fatal error C1083: 无法打开包括文件: “glad/glad.h”: No such file or directory
  chicken.cpp
F:\OpenGL\GraphicPro\Lab\Lab\Chicken.h(4,10): fatal error C1083: 无法打开包括文件: “glad/glad.h”: No such file or directory
  main.cpp
F:\OpenGL\GraphicPro\Lab\Lab\main.cpp(1,10): fatal error C1083: 无法打开包括文件: “imgui.h”: No such file or directory
  obj.cpp
F:\OpenGL\GraphicPro\Lab\Lab\Obj.h(9,10): fatal error C1083: 无法打开包括文件: “glad/glad.h”: No such file or directory
  stb.cpp
  Texture.h
F:\OpenGL\GraphicPro\Lab\Lab\Texture.h(4,10): fatal error C1083: 无法打开包括文件: “glad/glad.h”: No such file or directory
