f:\opengl\graphicpro\lab\lab\debug\vc142.pdb
f:\opengl\graphicpro\lab\lab\debug\vc142.idb
f:\opengl\graphicpro\lab\lab\debug\texture.obj
f:\opengl\graphicpro\lab\lab\debug\stb.obj
f:\opengl\graphicpro\lab\lab\debug\obj.obj
f:\opengl\graphicpro\lab\lab\debug\main.obj
f:\opengl\graphicpro\lab\lab\debug\chicken.obj
f:\opengl\graphicpro\lab\lab\debug\camera.obj
f:\opengl\graphicpro\lab\lab\debug\bullet.obj
f:\opengl\graphicpro\lab\lab\debug\bmpops.obj
f:\opengl\graphicpro\lab\lab\debug\imgui_impl_opengl3.obj
f:\opengl\graphicpro\lab\lab\debug\imgui_impl_glfw.obj
f:\opengl\graphicpro\lab\lab\debug\imgui_widgets.obj
f:\opengl\graphicpro\lab\lab\debug\imgui_draw.obj
f:\opengl\graphicpro\lab\lab\debug\imgui_demo.obj
f:\opengl\graphicpro\lab\lab\debug\imgui.obj
f:\opengl\graphicpro\lab\lab\debug\glad.obj
f:\opengl\graphicpro\lab\debug\lab.ilk
f:\opengl\graphicpro\lab\debug\lab.exe
f:\opengl\graphicpro\lab\debug\lab.pdb
f:\opengl\graphicpro\lab\lab\debug\lab.tlog\cl.command.1.tlog
f:\opengl\graphicpro\lab\lab\debug\lab.tlog\cl.read.1.tlog
f:\opengl\graphicpro\lab\lab\debug\lab.tlog\cl.write.1.tlog
f:\opengl\graphicpro\lab\lab\debug\lab.tlog\link.command.1.tlog
f:\opengl\graphicpro\lab\lab\debug\lab.tlog\link.read.1.tlog
f:\opengl\graphicpro\lab\lab\debug\lab.tlog\link.write.1.tlog
